Determining if the pthread_create exist failed with the following output:
Change Dir: /home/pi/mjpg-streamer-master/mjpg-streamer-experimental/_build/CMakeFiles/CMakeTmp

Run Build Command:"/usr/bin/make" "cmTC_9b14a/fast"
make[1]: Entering directory '/home/pi/mjpg-streamer-master/mjpg-streamer-experimental/_build/CMakeFiles/CMakeTmp'
/usr/bin/make -f CMakeFiles/cmTC_9b14a.dir/build.make CMakeFiles/cmTC_9b14a.dir/build
make[2]: Entering directory '/home/pi/mjpg-streamer-master/mjpg-streamer-experimental/_build/CMakeFiles/CMakeTmp'
Building C object CMakeFiles/cmTC_9b14a.dir/CheckSymbolExists.c.o
/usr/bin/cc     -o CMakeFiles/cmTC_9b14a.dir/CheckSymbolExists.c.o   -c /home/pi/mjpg-streamer-master/mjpg-streamer-experimental/_build/CMakeFiles/CMakeTmp/CheckSymbolExists.c
Linking C executable cmTC_9b14a
/usr/bin/cmake -E cmake_link_script CMakeFiles/cmTC_9b14a.dir/link.txt --verbose=1
/usr/bin/cc       CMakeFiles/cmTC_9b14a.dir/CheckSymbolExists.c.o  -o cmTC_9b14a -rdynamic 
CMakeFiles/cmTC_9b14a.dir/CheckSymbolExists.c.o：在函数‘main’中：
CheckSymbolExists.c:(.text+0x38)：对‘pthread_create’未定义的引用
collect2: error: ld returned 1 exit status
CMakeFiles/cmTC_9b14a.dir/build.make:97: recipe for target 'cmTC_9b14a' failed
make[2]: *** [cmTC_9b14a] Error 1
make[2]: Leaving directory '/home/pi/mjpg-streamer-master/mjpg-streamer-experimental/_build/CMakeFiles/CMakeTmp'
Makefile:126: recipe for target 'cmTC_9b14a/fast' failed
make[1]: *** [cmTC_9b14a/fast] Error 2
make[1]: Leaving directory '/home/pi/mjpg-streamer-master/mjpg-streamer-experimental/_build/CMakeFiles/CMakeTmp'

File /home/pi/mjpg-streamer-master/mjpg-streamer-experimental/_build/CMakeFiles/CMakeTmp/CheckSymbolExists.c:
/* */
#include <pthread.h>

int main(int argc, char** argv)
{
  (void)argv;
#ifndef pthread_create
  return ((int*)(&pthread_create))[argc];
#else
  (void)argc;
  return 0;
#endif
}

Determining if the function pthread_create exists in the pthreads failed with the following output:
Change Dir: /home/pi/mjpg-streamer-master/mjpg-streamer-experimental/_build/CMakeFiles/CMakeTmp

Run Build Command:"/usr/bin/make" "cmTC_3ad69/fast"
make[1]: Entering directory '/home/pi/mjpg-streamer-master/mjpg-streamer-experimental/_build/CMakeFiles/CMakeTmp'
/usr/bin/make -f CMakeFiles/cmTC_3ad69.dir/build.make CMakeFiles/cmTC_3ad69.dir/build
make[2]: Entering directory '/home/pi/mjpg-streamer-master/mjpg-streamer-experimental/_build/CMakeFiles/CMakeTmp'
Building C object CMakeFiles/cmTC_3ad69.dir/CheckFunctionExists.c.o
/usr/bin/cc    -DCHECK_FUNCTION_EXISTS=pthread_create   -o CMakeFiles/cmTC_3ad69.dir/CheckFunctionExists.c.o   -c /usr/share/cmake-3.7/Modules/CheckFunctionExists.c
Linking C executable cmTC_3ad69
/usr/bin/cmake -E cmake_link_script CMakeFiles/cmTC_3ad69.dir/link.txt --verbose=1
/usr/bin/cc   -DCHECK_FUNCTION_EXISTS=pthread_create    CMakeFiles/cmTC_3ad69.dir/CheckFunctionExists.c.o  -o cmTC_3ad69 -rdynamic -lpthreads 
/usr/bin/ld: 找不到 -lpthreads
collect2: error: ld returned 1 exit status
CMakeFiles/cmTC_3ad69.dir/build.make:97: recipe for target 'cmTC_3ad69' failed
make[2]: *** [cmTC_3ad69] Error 1
make[2]: Leaving directory '/home/pi/mjpg-streamer-master/mjpg-streamer-experimental/_build/CMakeFiles/CMakeTmp'
Makefile:126: recipe for target 'cmTC_3ad69/fast' failed
make[1]: *** [cmTC_3ad69/fast] Error 2
make[1]: Leaving directory '/home/pi/mjpg-streamer-master/mjpg-streamer-experimental/_build/CMakeFiles/CMakeTmp'


